<?xml version="1.0" encoding="UTF-8"?>
<coverage generated="1687188565550" clover="3.2.0">
  <project timestamp="1687188565550" name="All files">
    <metrics statements="24" coveredstatements="24" conditionals="2" coveredconditionals="2" methods="7" coveredmethods="7" elements="33" coveredelements="33" complexity="0" loc="24" ncloc="24" packages="1" files="2" classes="2"/>
    <file name="bankAccount.js" path="/Users/carolinevassallo/Projects/bank/bankAccount.js">
      <metrics statements="21" coveredstatements="21" conditionals="2" coveredconditionals="2" methods="6" coveredmethods="6"/>
      <line num="3" count="4" type="stmt"/>
      <line num="4" count="4" type="stmt"/>
      <line num="5" count="4" type="stmt"/>
      <line num="9" count="4" type="stmt"/>
      <line num="14" count="2" type="stmt"/>
      <line num="18" count="4" type="stmt"/>
      <line num="19" count="4" type="stmt"/>
      <line num="20" count="4" type="stmt"/>
      <line num="21" count="6" type="stmt"/>
      <line num="22" count="6" type="stmt"/>
      <line num="24" count="4" type="stmt"/>
      <line num="28" count="6" type="stmt"/>
      <line num="29" count="6" type="cond" truecount="2" falsecount="0"/>
      <line num="30" count="4" type="stmt"/>
      <line num="32" count="2" type="stmt"/>
      <line num="33" count="2" type="stmt"/>
      <line num="35" count="6" type="stmt"/>
      <line num="36" count="6" type="stmt"/>
      <line num="37" count="6" type="stmt"/>
      <line num="38" count="6" type="stmt"/>
      <line num="43" count="1" type="stmt"/>
    </file>
    <file name="transaction.js" path="/Users/carolinevassallo/Projects/bank/transaction.js">
      <metrics statements="3" coveredstatements="3" conditionals="0" coveredconditionals="0" methods="1" coveredmethods="1"/>
      <line num="3" count="1" type="stmt"/>
      <line num="4" count="1" type="stmt"/>
      <line num="9" count="1" type="stmt"/>
    </file>
  </project>
</coverage>
