TN:
SF:bankAccount.js
FN:2,(anonymous_0)
FN:8,(anonymous_1)
FN:13,(anonymous_2)
FN:17,(anonymous_3)
FN:20,(anonymous_4)
FN:27,(anonymous_5)
FNF:6
FNH:6
FNDA:4,(anonymous_0)
FNDA:4,(anonymous_1)
FNDA:2,(anonymous_2)
FNDA:4,(anonymous_3)
FNDA:6,(anonymous_4)
FNDA:6,(anonymous_5)
DA:3,4
DA:4,4
DA:5,4
DA:9,4
DA:14,2
DA:18,4
DA:19,4
DA:20,4
DA:21,6
DA:22,6
DA:24,4
DA:28,6
DA:29,6
DA:30,4
DA:32,2
DA:33,2
DA:35,6
DA:36,6
DA:37,6
DA:38,6
DA:43,1
LF:21
LH:21
BRDA:29,0,0,4
BRDA:29,0,1,2
BRF:2
BRH:2
end_of_record
TN:
SF:transaction.js
FN:2,(anonymous_0)
FNF:1
FNH:1
FNDA:1,(anonymous_0)
DA:3,1
DA:4,1
DA:9,1
LF:3
LH:3
BRF:0
BRH:0
end_of_record
